0 info it worked if it ends with ok
1 verbose cli [ '/home/vivek/.nvm/versions/node/v6.3.1/bin/node',
1 verbose cli   '/home/vivek/.nvm/versions/node/v6.3.1/bin/npm',
1 verbose cli   'start' ]
2 info using npm@3.10.3
3 info using node@v6.3.1
4 verbose run-script [ 'prestart', 'start', 'poststart' ]
5 info lifecycle opencv-realtime@0.0.1~prestart: opencv-realtime@0.0.1
6 silly lifecycle opencv-realtime@0.0.1~prestart: no script for prestart, continuing
7 info lifecycle opencv-realtime@0.0.1~start: opencv-realtime@0.0.1
8 verbose lifecycle opencv-realtime@0.0.1~start: unsafe-perm in lifecycle true
9 verbose lifecycle opencv-realtime@0.0.1~start: PATH: /home/vivek/.nvm/versions/node/v6.3.1/lib/node_modules/npm/bin/node-gyp-bin:/home/vivek/Vivek/tweak/open-cv/opencv-realtime/node_modules/.bin:/home/vivek/.nvm/versions/node/v6.3.1/bin:/usr/local/sbin:/usr/local/bin:/usr/sbin:/usr/bin:/sbin:/bin:/usr/games:/usr/local/games:/usr/lib/jvm/java-8-oracle/bin:/usr/lib/jvm/java-8-oracle/db/bin:/usr/lib/jvm/java-8-oracle/jre/bin:/usr/lib/jvm/java-8-oracle/bin:/usr/lib/jvm/java-8-oracle/db/bin:/usr/lib/jvm/java-8-oracle/jre/bin:/home/vivek/.nvm/versions/node/v6.3.1/bin:/home/vivek/Android/Sdk/tools
10 verbose lifecycle opencv-realtime@0.0.1~start: CWD: /home/vivek/Vivek/tweak/open-cv/opencv-realtime
11 silly lifecycle opencv-realtime@0.0.1~start: Args: [ '-c', 'node index.js' ]
12 silly lifecycle opencv-realtime@0.0.1~start: Returned: code: 1  signal: null
13 info lifecycle opencv-realtime@0.0.1~start: Failed to exec start script
14 verbose stack Error: opencv-realtime@0.0.1 start: `node index.js`
14 verbose stack Exit status 1
14 verbose stack     at EventEmitter.<anonymous> (/home/vivek/.nvm/versions/node/v6.3.1/lib/node_modules/npm/lib/utils/lifecycle.js:242:16)
14 verbose stack     at emitTwo (events.js:106:13)
14 verbose stack     at EventEmitter.emit (events.js:191:7)
14 verbose stack     at ChildProcess.<anonymous> (/home/vivek/.nvm/versions/node/v6.3.1/lib/node_modules/npm/lib/utils/spawn.js:40:14)
14 verbose stack     at emitTwo (events.js:106:13)
14 verbose stack     at ChildProcess.emit (events.js:191:7)
14 verbose stack     at maybeClose (internal/child_process.js:852:16)
14 verbose stack     at Process.ChildProcess._handle.onexit (internal/child_process.js:215:5)
15 verbose pkgid opencv-realtime@0.0.1
16 verbose cwd /home/vivek/Vivek/tweak/open-cv/opencv-realtime/client
17 error Linux 3.13.0-101-generic
18 error argv "/home/vivek/.nvm/versions/node/v6.3.1/bin/node" "/home/vivek/.nvm/versions/node/v6.3.1/bin/npm" "start"
19 error node v6.3.1
20 error npm  v3.10.3
21 error code ELIFECYCLE
22 error opencv-realtime@0.0.1 start: `node index.js`
22 error Exit status 1
23 error Failed at the opencv-realtime@0.0.1 start script 'node index.js'.
23 error Make sure you have the latest version of node.js and npm installed.
23 error If you do, this is most likely a problem with the opencv-realtime package,
23 error not with npm itself.
23 error Tell the author that this fails on your system:
23 error     node index.js
23 error You can get information on how to open an issue for this project with:
23 error     npm bugs opencv-realtime
23 error Or if that isn't available, you can get their info via:
23 error     npm owner ls opencv-realtime
23 error There is likely additional logging output above.
24 verbose exit [ 1, true ]
